app/build/outputs/logs/manifest-merger-debug-report.txt
-- Merging decision tree log ---
manifest
ADDED from src\main\AndroidManifest.xml:2:1-306:12
	package
		ADDED from src\main\AndroidManifest.xml:3:5-44
		INJECTED from src\main\AndroidManifest.xml
		INJECTED from src\main\AndroidManifest.xml
	android:versionName
		INJECTED from src\main\AndroidManifest.xml
		INJECTED from src\main\AndroidManifest.xml
	xmlns:android
		ADDED from src\main\AndroidManifest.xml:2:11-69
	android:versionCode
		INJECTED from src\main\AndroidManifest.xml
		INJECTED from src\main\AndroidManifest.xml
uses-permission#android.permission.READ_PHONE_STATE
ADDED from src\main\AndroidManifest.xml:6:5-75
	android:name
		ADDED from src\main\AndroidManifest.xml:6:22-72
uses-permission#android.permission.ACCESS_NETWORK_STATE
ADDED from src\main\AndroidManifest.xml:7:5-79
	android:name
		ADDED from src\main\AndroidManifest.xml:7:22-76
uses-permission#android.permission.INTERNET
ADDED from src\main\AndroidManifest.xml:8:5-67
	android:name
		ADDED from src\main\AndroidManifest.xml:8:22-64
uses-permission#android.permission.RECEIVE_SMS
ADDED from src\main\AndroidManifest.xml:9:5-86
	android:name
		ADDED from src\main\AndroidManifest.xml:9:22-67
uses-permission#android.permission.PREVENT_POWER_KEY
ADDED from src\main\AndroidManifest.xml:10:5-76
	android:name
		ADDED from src\main\AndroidManifest.xml:10:22-73
uses-permission#android.permission.READ_SMS
ADDED from src\main\AndroidManifest.xml:11:5-67
	android:name
		ADDED from src\main\AndroidManifest.xml:11:22-64
uses-permission#android.permission.SEND_SMS
ADDED from src\main\AndroidManifest.xml:12:5-83
	android:name
		ADDED from src\main\AndroidManifest.xml:12:22-64
uses-permission#android.permission.WRITE_SETTINGS
ADDED from src\main\AndroidManifest.xml:13:5-73
	android:name
		ADDED from src\main\AndroidManifest.xml:13:22-70
uses-permission#android.permission.ACCESS_COARSE_LOCATION
ADDED from src\main\AndroidManifest.xml:14:5-81
	android:name
		ADDED from src\main\AndroidManifest.xml:14:22-78
uses-permission#android.permission.CALL_PHONE
ADDED from src\main\AndroidManifest.xml:16:5-69
	android:name
		ADDED from src\main\AndroidManifest.xml:16:22-66
uses-permission#android.permission.READ_CONTACTS
ADDED from src\main\AndroidManifest.xml:17:5-72
	android:name
		ADDED from src\main\AndroidManifest.xml:17:22-69
uses-permission#android.permission.WRITE_CONTACTS
ADDED from src\main\AndroidManifest.xml:18:5-73
	android:name
		ADDED from src\main\AndroidManifest.xml:18:22-70
uses-permission#android.permission.CAMERA
ADDED from src\main\AndroidManifest.xml:19:5-65
	android:name
		ADDED from src\main\AndroidManifest.xml:19:22-62
uses-permission#android.permission.VIBRATE
ADDED from src\main\AndroidManifest.xml:23:5-66
	android:name
		ADDED from src\main\AndroidManifest.xml:23:22-63
uses-permission#android.permission.FLASHLIGHT
ADDED from src\main\AndroidManifest.xml:24:5-69
	android:name
		ADDED from src\main\AndroidManifest.xml:24:22-66
uses-permission#android.permission.GET_TASKS
ADDED from src\main\AndroidManifest.xml:25:5-68
	android:name
		ADDED from src\main\AndroidManifest.xml:25:22-65
uses-permission#android.permission.WRITE_EXTERNAL_STORAGE
ADDED from src\main\AndroidManifest.xml:26:5-81
	android:name
		ADDED from src\main\AndroidManifest.xml:26:22-78
application
ADDED from src\main\AndroidManifest.xml:31:5-304:19
MERGED from [com.android.support:appcompat-v7:22.2.0] AndroidManifest.xml:22:5-20
MERGED from [com.android.support:support-v4:22.2.0] AndroidManifest.xml:22:5-20
MERGED from [SimasPay:datetimepicker-library:unspecified] AndroidManifest.xml:9:5-20
MERGED from [com.android.support:support-v4:22.2.0] AndroidManifest.xml:22:5-20
	android:label
		ADDED from src\main\AndroidManifest.xml:34:9-41
	android:allowBackup
		ADDED from src\main\AndroidManifest.xml:32:9-35
	android:icon
		ADDED from src\main\AndroidManifest.xml:33:9-40
	android:largeHeap
		ADDED from src\main\AndroidManifest.xml:35:9-33
	android:theme
		ADDED from src\main\AndroidManifest.xml:36:9-40
activity#simaspay.payment.com.simaspay.SplashScreenActivity
ADDED from src\main\AndroidManifest.xml:37:9-46:20
	android:screenOrientation
		ADDED from src\main\AndroidManifest.xml:40:13-49
	android:label
		ADDED from src\main\AndroidManifest.xml:39:13-45
	android:name
		ADDED from src\main\AndroidManifest.xml:38:13-49
intent-filter#android.intent.action.MAIN+android.intent.category.LAUNCHER
ADDED from src\main\AndroidManifest.xml:41:13-45:29
action#android.intent.action.MAIN
ADDED from src\main\AndroidManifest.xml:42:17-69
	android:name
		ADDED from src\main\AndroidManifest.xml:42:25-66
category#android.intent.category.LAUNCHER
ADDED from src\main\AndroidManifest.xml:44:17-77
	android:name
		ADDED from src\main\AndroidManifest.xml:44:27-74
activity#simaspay.payment.com.simaspay.LoginScreenActivity
ADDED from src\main\AndroidManifest.xml:47:9-51:66
	android:screenOrientation
		ADDED from src\main\AndroidManifest.xml:50:13-49
	android:label
		ADDED from src\main\AndroidManifest.xml:49:13-37
	android:windowSoftInputMode
		ADDED from src\main\AndroidManifest.xml:51:13-54
	android:name
		ADDED from src\main\AndroidManifest.xml:48:13-48
activity#com.payment.simaspay.user_registration.ActivationPage_1_Activity
ADDED from src\main\AndroidManifest.xml:52:9-56:66
	android:screenOrientation
		ADDED from src\main\AndroidManifest.xml:55:13-49
	android:label
		ADDED from src\main\AndroidManifest.xml:54:13-37
	android:windowSoftInputMode
		ADDED from src\main\AndroidManifest.xml:56:13-54
	android:name
		ADDED from src\main\AndroidManifest.xml:53:13-92
activity#com.payment.simaspay.user_registration.ActivationPage_2_Activity
ADDED from src\main\AndroidManifest.xml:57:9-61:66
	android:screenOrientation
		ADDED from src\main\AndroidManifest.xml:60:13-49
	android:label
		ADDED from src\main\AndroidManifest.xml:59:13-37
	android:windowSoftInputMode
		ADDED from src\main\AndroidManifest.xml:61:13-54
	android:name
		ADDED from src\main\AndroidManifest.xml:58:13-92
activity#com.payment.simaspay.user_registration.ActivationPage_3_Activity
ADDED from src\main\AndroidManifest.xml:62:9-66:66
	android:screenOrientation
		ADDED from src\main\AndroidManifest.xml:65:13-49
	android:label
		ADDED from src\main\AndroidManifest.xml:64:13-37
	android:windowSoftInputMode
		ADDED from src\main\AndroidManifest.xml:66:13-54
	android:name
		ADDED from src\main\AndroidManifest.xml:63:13-92
activity#com.payment.simaspay.user_registration.ActivationPage_4_Activity
ADDED from src\main\AndroidManifest.xml:67:9-71:66
	android:screenOrientation
		ADDED from src\main\AndroidManifest.xml:70:13-49
	android:label
		ADDED from src\main\AndroidManifest.xml:69:13-37
	android:windowSoftInputMode
		ADDED from src\main\AndroidManifest.xml:71:13-54
	android:name
		ADDED from src\main\AndroidManifest.xml:68:13-92
activity#com.payment.simaspay.contactus.ContactUs_Activity
ADDED from src\main\AndroidManifest.xml:72:9-75:61
	android:screenOrientation
		ADDED from src\main\AndroidManifest.xml:75:13-49
	android:label
		ADDED from src\main\AndroidManifest.xml:74:13-37
	android:name
		ADDED from src\main\AndroidManifest.xml:73:13-77
activity#simaspay.payment.com.simaspay.Agent_HomePage_Activity
ADDED from src\main\AndroidManifest.xml:76:9-79:61
	android:screenOrientation
		ADDED from src\main\AndroidManifest.xml:79:13-49
	android:label
		ADDED from src\main\AndroidManifest.xml:78:13-37
	android:name
		ADDED from src\main\AndroidManifest.xml:77:13-52
activity#com.payment.simaspay.userdetails.SimaspayUserActivity
ADDED from src\main\AndroidManifest.xml:80:9-83:61
	android:screenOrientation
		ADDED from src\main\AndroidManifest.xml:83:13-49
	android:label
		ADDED from src\main\AndroidManifest.xml:82:13-37
	android:name
		ADDED from src\main\AndroidManifest.xml:81:13-81
activity#com.payment.simaspay.userdetails.BalanceSheetActivity
ADDED from src\main\AndroidManifest.xml:84:9-87:61
	android:screenOrientation
		ADDED from src\main\AndroidManifest.xml:87:13-49
	android:label
		ADDED from src\main\AndroidManifest.xml:86:13-37
	android:name
		ADDED from src\main\AndroidManifest.xml:85:13-81
activity#com.payment.simaspay.userdetails.CurrentSessionActivity
ADDED from src\main\AndroidManifest.xml:88:9-91:61
	android:screenOrientation
		ADDED from src\main\AndroidManifest.xml:91:13-49
	android:label
		ADDED from src\main\AndroidManifest.xml:90:13-37
	android:name
		ADDED from src\main\AndroidManifest.xml:89:13-83
activity#com.payment.simaspay.AgentTransfer.TransferHomeActivity
ADDED from src\main\AndroidManifest.xml:93:9-96:61
	android:screenOrientation
		ADDED from src\main\AndroidManifest.xml:96:13-49
	android:label
		ADDED from src\main\AndroidManifest.xml:95:13-37
	android:name
		ADDED from src\main\AndroidManifest.xml:94:13-83
activity#com.payment.simaspay.userdetails.Trans_DataSelectionActivity
ADDED from src\main\AndroidManifest.xml:97:9-100:61
	android:screenOrientation
		ADDED from src\main\AndroidManifest.xml:100:13-49
	android:label
		ADDED from src\main\AndroidManifest.xml:99:13-37
	android:name
		ADDED from src\main\AndroidManifest.xml:98:13-88
activity#com.payment.simaspay.userdetails.TransactionsListActivity
ADDED from src\main\AndroidManifest.xml:101:9-104:61
	android:screenOrientation
		ADDED from src\main\AndroidManifest.xml:104:13-49
	android:label
		ADDED from src\main\AndroidManifest.xml:103:13-37
	android:name
		ADDED from src\main\AndroidManifest.xml:102:13-85
activity#com.payment.simaspay.agentdetails.NumberSwitchingActivity
ADDED from src\main\AndroidManifest.xml:105:9-108:61
	android:screenOrientation
		ADDED from src\main\AndroidManifest.xml:108:13-49
	android:label
		ADDED from src\main\AndroidManifest.xml:107:13-37
	android:name
		ADDED from src\main\AndroidManifest.xml:106:13-85
activity#com.payment.simaspay.agentdetails.AgentSimaspayUserActivity
ADDED from src\main\AndroidManifest.xml:109:9-112:61
	android:screenOrientation
		ADDED from src\main\AndroidManifest.xml:112:13-49
	android:label
		ADDED from src\main\AndroidManifest.xml:111:13-37
	android:name
		ADDED from src\main\AndroidManifest.xml:110:13-87
activity#com.payment.simaspay.agentdetails.Register_to_SimaspayUserActivity
ADDED from src\main\AndroidManifest.xml:113:9-116:61
	android:screenOrientation
		ADDED from src\main\AndroidManifest.xml:116:13-49
	android:label
		ADDED from src\main\AndroidManifest.xml:115:13-37
	android:name
		ADDED from src\main\AndroidManifest.xml:114:13-94
activity#com.payment.simaspay.agentdetails.Register_To_SimaspayUserConfirmationActivity
ADDED from src\main\AndroidManifest.xml:117:9-120:61
	android:screenOrientation
		ADDED from src\main\AndroidManifest.xml:120:13-49
	android:label
		ADDED from src\main\AndroidManifest.xml:119:13-37
	android:name
		ADDED from src\main\AndroidManifest.xml:118:13-106
activity#com.payment.simaspay.agentdetails.Register_To_SimaspayUserSuccessActivity
ADDED from src\main\AndroidManifest.xml:121:9-124:61
	android:screenOrientation
		ADDED from src\main\AndroidManifest.xml:124:13-49
	android:label
		ADDED from src\main\AndroidManifest.xml:123:13-37
	android:name
		ADDED from src\main\AndroidManifest.xml:122:13-101
activity#com.payment.simaspay.agentdetails.ChangePinActivity
ADDED from src\main\AndroidManifest.xml:125:9-129:66
	android:screenOrientation
		ADDED from src\main\AndroidManifest.xml:128:13-49
	android:label
		ADDED from src\main\AndroidManifest.xml:127:13-37
	android:windowSoftInputMode
		ADDED from src\main\AndroidManifest.xml:129:13-54
	android:name
		ADDED from src\main\AndroidManifest.xml:126:13-79
activity#com.payment.simaspay.agentdetails.ChangePinSuccessActivity
ADDED from src\main\AndroidManifest.xml:130:9-134:66
	android:screenOrientation
		ADDED from src\main\AndroidManifest.xml:133:13-49
	android:label
		ADDED from src\main\AndroidManifest.xml:132:13-37
	android:windowSoftInputMode
		ADDED from src\main\AndroidManifest.xml:134:13-54
	android:name
		ADDED from src\main\AndroidManifest.xml:131:13-86
activity#com.payment.simaspay.agentdetails.AgentRegistrationActivity
ADDED from src\main\AndroidManifest.xml:135:9-139:66
	android:screenOrientation
		ADDED from src\main\AndroidManifest.xml:138:13-49
	android:label
		ADDED from src\main\AndroidManifest.xml:137:13-37
	android:windowSoftInputMode
		ADDED from src\main\AndroidManifest.xml:139:13-54
	android:name
		ADDED from src\main\AndroidManifest.xml:136:13-87
activity#com.payment.simaspay.lakupandai.LakuPandaiActivity
ADDED from src\main\AndroidManifest.xml:141:9-145:66
	android:screenOrientation
		ADDED from src\main\AndroidManifest.xml:144:13-49
	android:label
		ADDED from src\main\AndroidManifest.xml:143:13-37
	android:windowSoftInputMode
		ADDED from src\main\AndroidManifest.xml:145:13-54
	android:name
		ADDED from src\main\AndroidManifest.xml:142:13-78
activity#com.payment.simaspay.lakupandai.LakupandaiTransferDetailsActivity
ADDED from src\main\AndroidManifest.xml:146:9-150:66
	android:screenOrientation
		ADDED from src\main\AndroidManifest.xml:149:13-49
	android:label
		ADDED from src\main\AndroidManifest.xml:148:13-37
	android:windowSoftInputMode
		ADDED from src\main\AndroidManifest.xml:150:13-54
	android:name
		ADDED from src\main\AndroidManifest.xml:147:13-93
activity#com.payment.simaspay.lakupandai.LakuPandaiTransferConfirmationActivity
ADDED from src\main\AndroidManifest.xml:151:9-155:66
	android:screenOrientation
		ADDED from src\main\AndroidManifest.xml:154:13-49
	android:label
		ADDED from src\main\AndroidManifest.xml:153:13-37
	android:windowSoftInputMode
		ADDED from src\main\AndroidManifest.xml:155:13-54
	android:name
		ADDED from src\main\AndroidManifest.xml:152:13-98
activity#com.payment.simaspay.lakupandai.LakuPandaiTransferSuccessActivity
ADDED from src\main\AndroidManifest.xml:156:9-160:66
	android:screenOrientation
		ADDED from src\main\AndroidManifest.xml:159:13-49
	android:label
		ADDED from src\main\AndroidManifest.xml:158:13-37
	android:windowSoftInputMode
		ADDED from src\main\AndroidManifest.xml:160:13-54
	android:name
		ADDED from src\main\AndroidManifest.xml:157:13-93
activity#com.payment.simaspay.Cash_InOut.CashInDetailsActivity
ADDED from src\main\AndroidManifest.xml:161:9-165:66
	android:screenOrientation
		ADDED from src\main\AndroidManifest.xml:164:13-49
	android:label
		ADDED from src\main\AndroidManifest.xml:163:13-37
	android:windowSoftInputMode
		ADDED from src\main\AndroidManifest.xml:165:13-54
	android:name
		ADDED from src\main\AndroidManifest.xml:162:13-81
activity#com.payment.simaspay.Cash_InOut.CashInConfirmationActivity
ADDED from src\main\AndroidManifest.xml:166:9-170:66
	android:screenOrientation
		ADDED from src\main\AndroidManifest.xml:169:13-49
	android:label
		ADDED from src\main\AndroidManifest.xml:168:13-37
	android:windowSoftInputMode
		ADDED from src\main\AndroidManifest.xml:170:13-54
	android:name
		ADDED from src\main\AndroidManifest.xml:167:13-86
activity#com.payment.simaspay.Cash_InOut.CashInSuccessActivity
ADDED from src\main\AndroidManifest.xml:171:9-175:66
	android:screenOrientation
		ADDED from src\main\AndroidManifest.xml:174:13-49
	android:label
		ADDED from src\main\AndroidManifest.xml:173:13-37
	android:windowSoftInputMode
		ADDED from src\main\AndroidManifest.xml:175:13-54
	android:name
		ADDED from src\main\AndroidManifest.xml:172:13-81
activity#com.payment.simaspay.Cash_InOut.CashOutDetailsActivity
ADDED from src\main\AndroidManifest.xml:176:9-180:66
	android:screenOrientation
		ADDED from src\main\AndroidManifest.xml:179:13-49
	android:label
		ADDED from src\main\AndroidManifest.xml:178:13-37
	android:windowSoftInputMode
		ADDED from src\main\AndroidManifest.xml:180:13-54
	android:name
		ADDED from src\main\AndroidManifest.xml:177:13-82
activity#com.payment.simaspay.Cash_InOut.CashOutConfirmationActivity
ADDED from src\main\AndroidManifest.xml:181:9-185:66
	android:screenOrientation
		ADDED from src\main\AndroidManifest.xml:184:13-49
	android:label
		ADDED from src\main\AndroidManifest.xml:183:13-37
	android:windowSoftInputMode
		ADDED from src\main\AndroidManifest.xml:185:13-54
	android:name
		ADDED from src\main\AndroidManifest.xml:182:13-87
activity#com.payment.simaspay.Cash_InOut.CashoutSuccessActivity
ADDED from src\main\AndroidManifest.xml:186:9-190:66
	android:screenOrientation
		ADDED from src\main\AndroidManifest.xml:189:13-49
	android:label
		ADDED from src\main\AndroidManifest.xml:188:13-37
	android:windowSoftInputMode
		ADDED from src\main\AndroidManifest.xml:190:13-54
	android:name
		ADDED from src\main\AndroidManifest.xml:187:13-82
activity#com.payment.simaspay.Referral_and_CloseAccount.CloseAccountDetailsActivity
ADDED from src\main\AndroidManifest.xml:191:9-195:66
	android:screenOrientation
		ADDED from src\main\AndroidManifest.xml:194:13-49
	android:label
		ADDED from src\main\AndroidManifest.xml:193:13-37
	android:windowSoftInputMode
		ADDED from src\main\AndroidManifest.xml:195:13-54
	android:name
		ADDED from src\main\AndroidManifest.xml:192:13-102
activity#com.payment.simaspay.Referral_and_CloseAccount.CloseAccountConfirmationActivity
ADDED from src\main\AndroidManifest.xml:196:9-200:66
	android:screenOrientation
		ADDED from src\main\AndroidManifest.xml:199:13-49
	android:label
		ADDED from src\main\AndroidManifest.xml:198:13-37
	android:windowSoftInputMode
		ADDED from src\main\AndroidManifest.xml:200:13-54
	android:name
		ADDED from src\main\AndroidManifest.xml:197:13-107
activity#com.payment.simaspay.Referral_and_CloseAccount.CloseAccountSuccessActivity
ADDED from src\main\AndroidManifest.xml:201:9-205:66
	android:screenOrientation
		ADDED from src\main\AndroidManifest.xml:204:13-49
	android:label
		ADDED from src\main\AndroidManifest.xml:203:13-37
	android:windowSoftInputMode
		ADDED from src\main\AndroidManifest.xml:205:13-54
	android:name
		ADDED from src\main\AndroidManifest.xml:202:13-102
activity#com.payment.simaspay.AgentTransfer.AgentTransferHomeActivity
ADDED from src\main\AndroidManifest.xml:207:9-211:66
	android:screenOrientation
		ADDED from src\main\AndroidManifest.xml:210:13-49
	android:label
		ADDED from src\main\AndroidManifest.xml:209:13-37
	android:windowSoftInputMode
		ADDED from src\main\AndroidManifest.xml:211:13-54
	android:name
		ADDED from src\main\AndroidManifest.xml:208:13-88
activity#com.payment.simaspay.AgentTransfer.TransferDetailsActivity
ADDED from src\main\AndroidManifest.xml:212:9-216:66
	android:screenOrientation
		ADDED from src\main\AndroidManifest.xml:215:13-49
	android:label
		ADDED from src\main\AndroidManifest.xml:214:13-37
	android:windowSoftInputMode
		ADDED from src\main\AndroidManifest.xml:216:13-54
	android:name
		ADDED from src\main\AndroidManifest.xml:213:13-86
activity#com.payment.simaspay.AgentTransfer.TransferConfirmationActivity
ADDED from src\main\AndroidManifest.xml:217:9-221:66
	android:screenOrientation
		ADDED from src\main\AndroidManifest.xml:220:13-49
	android:label
		ADDED from src\main\AndroidManifest.xml:219:13-37
	android:windowSoftInputMode
		ADDED from src\main\AndroidManifest.xml:221:13-54
	android:name
		ADDED from src\main\AndroidManifest.xml:218:13-91
activity#com.payment.simaspay.AgentTransfer.TranaferSuccessActivity
ADDED from src\main\AndroidManifest.xml:222:9-226:66
	android:screenOrientation
		ADDED from src\main\AndroidManifest.xml:225:13-49
	android:label
		ADDED from src\main\AndroidManifest.xml:224:13-37
	android:windowSoftInputMode
		ADDED from src\main\AndroidManifest.xml:226:13-54
	android:name
		ADDED from src\main\AndroidManifest.xml:223:13-86
activity#com.payment.simaspay.AgentTransfer.BankDetailsActivity
ADDED from src\main\AndroidManifest.xml:227:9-231:66
	android:screenOrientation
		ADDED from src\main\AndroidManifest.xml:230:13-49
	android:label
		ADDED from src\main\AndroidManifest.xml:229:13-37
	android:windowSoftInputMode
		ADDED from src\main\AndroidManifest.xml:231:13-54
	android:name
		ADDED from src\main\AndroidManifest.xml:228:13-82
activity#com.payment.simaspay.AgentTransfer.TransferOtherBankDetailsActivity
ADDED from src\main\AndroidManifest.xml:232:9-236:66
	android:screenOrientation
		ADDED from src\main\AndroidManifest.xml:235:13-49
	android:label
		ADDED from src\main\AndroidManifest.xml:234:13-37
	android:windowSoftInputMode
		ADDED from src\main\AndroidManifest.xml:236:13-54
	android:name
		ADDED from src\main\AndroidManifest.xml:233:13-95
activity#com.payment.simaspay.AgentTransfer.TransferOtherbankConfirmationActivity
ADDED from src\main\AndroidManifest.xml:237:9-241:66
	android:screenOrientation
		ADDED from src\main\AndroidManifest.xml:240:13-49
	android:label
		ADDED from src\main\AndroidManifest.xml:239:13-37
	android:windowSoftInputMode
		ADDED from src\main\AndroidManifest.xml:241:13-54
	android:name
		ADDED from src\main\AndroidManifest.xml:238:13-100
activity#com.payment.simaspay.AgentTransfer.TransferOtherBankSuccessActivity
ADDED from src\main\AndroidManifest.xml:242:9-246:66
	android:screenOrientation
		ADDED from src\main\AndroidManifest.xml:245:13-49
	android:label
		ADDED from src\main\AndroidManifest.xml:244:13-37
	android:windowSoftInputMode
		ADDED from src\main\AndroidManifest.xml:246:13-54
	android:name
		ADDED from src\main\AndroidManifest.xml:243:13-95
activity#com.payment.simaspay.Referral_and_CloseAccount.ReferralDetailsActivity
ADDED from src\main\AndroidManifest.xml:247:9-251:66
	android:screenOrientation
		ADDED from src\main\AndroidManifest.xml:250:13-49
	android:label
		ADDED from src\main\AndroidManifest.xml:249:13-37
	android:windowSoftInputMode
		ADDED from src\main\AndroidManifest.xml:251:13-54
	android:name
		ADDED from src\main\AndroidManifest.xml:248:13-98
activity#com.payment.simaspay.Referral_and_CloseAccount.ReferralAccountConfirmationActivity
ADDED from src\main\AndroidManifest.xml:252:9-256:66
	android:screenOrientation
		ADDED from src\main\AndroidManifest.xml:255:13-49
	android:label
		ADDED from src\main\AndroidManifest.xml:254:13-37
	android:windowSoftInputMode
		ADDED from src\main\AndroidManifest.xml:256:13-54
	android:name
		ADDED from src\main\AndroidManifest.xml:253:13-110
activity#com.payment.simaspay.Referral_and_CloseAccount.ReferralAccountSuccessActivity
ADDED from src\main\AndroidManifest.xml:257:9-261:66
	android:screenOrientation
		ADDED from src\main\AndroidManifest.xml:260:13-49
	android:label
		ADDED from src\main\AndroidManifest.xml:259:13-37
	android:windowSoftInputMode
		ADDED from src\main\AndroidManifest.xml:261:13-54
	android:name
		ADDED from src\main\AndroidManifest.xml:258:13-105
activity#com.payment.simaspay.PaymentPerchaseAccount.PaymentAndPerchaseAccountTypeActivity
ADDED from src\main\AndroidManifest.xml:263:9-267:66
	android:screenOrientation
		ADDED from src\main\AndroidManifest.xml:266:13-49
	android:label
		ADDED from src\main\AndroidManifest.xml:265:13-37
	android:windowSoftInputMode
		ADDED from src\main\AndroidManifest.xml:267:13-54
	android:name
		ADDED from src\main\AndroidManifest.xml:264:13-109
activity#com.payment.simaspay.PaymentPerchaseAccount.BillersListActivity
ADDED from src\main\AndroidManifest.xml:268:9-272:66
	android:screenOrientation
		ADDED from src\main\AndroidManifest.xml:271:13-49
	android:label
		ADDED from src\main\AndroidManifest.xml:270:13-37
	android:windowSoftInputMode
		ADDED from src\main\AndroidManifest.xml:272:13-54
	android:name
		ADDED from src\main\AndroidManifest.xml:269:13-91
activity#com.payment.simaspay.PaymentPerchaseAccount.PaymentDetailsActivity
ADDED from src\main\AndroidManifest.xml:273:9-277:66
	android:screenOrientation
		ADDED from src\main\AndroidManifest.xml:276:13-49
	android:label
		ADDED from src\main\AndroidManifest.xml:275:13-37
	android:windowSoftInputMode
		ADDED from src\main\AndroidManifest.xml:277:13-54
	android:name
		ADDED from src\main\AndroidManifest.xml:274:13-94
activity#com.payment.simaspay.PaymentPerchaseAccount.PaymentConfirmationActivity
ADDED from src\main\AndroidManifest.xml:278:9-282:66
	android:screenOrientation
		ADDED from src\main\AndroidManifest.xml:281:13-49
	android:label
		ADDED from src\main\AndroidManifest.xml:280:13-37
	android:windowSoftInputMode
		ADDED from src\main\AndroidManifest.xml:282:13-54
	android:name
		ADDED from src\main\AndroidManifest.xml:279:13-99
activity#com.payment.simaspay.PaymentPerchaseAccount.PaymentSuccessActivity
ADDED from src\main\AndroidManifest.xml:283:9-287:66
	android:screenOrientation
		ADDED from src\main\AndroidManifest.xml:286:13-49
	android:label
		ADDED from src\main\AndroidManifest.xml:285:13-37
	android:windowSoftInputMode
		ADDED from src\main\AndroidManifest.xml:287:13-54
	android:name
		ADDED from src\main\AndroidManifest.xml:284:13-94
activity#com.payment.simaspay.PaymentPerchaseAccount.PerchaseDetailsActivity
ADDED from src\main\AndroidManifest.xml:288:9-292:66
	android:screenOrientation
		ADDED from src\main\AndroidManifest.xml:291:13-49
	android:label
		ADDED from src\main\AndroidManifest.xml:290:13-37
	android:windowSoftInputMode
		ADDED from src\main\AndroidManifest.xml:292:13-54
	android:name
		ADDED from src\main\AndroidManifest.xml:289:13-95
activity#com.payment.simaspay.PaymentPerchaseAccount.PerchaseConfirmationActivity
ADDED from src\main\AndroidManifest.xml:293:9-297:66
	android:screenOrientation
		ADDED from src\main\AndroidManifest.xml:296:13-49
	android:label
		ADDED from src\main\AndroidManifest.xml:295:13-37
	android:windowSoftInputMode
		ADDED from src\main\AndroidManifest.xml:297:13-54
	android:name
		ADDED from src\main\AndroidManifest.xml:294:13-100
activity#com.payment.simaspay.PaymentPerchaseAccount.PerchaseSuccessActivity
ADDED from src\main\AndroidManifest.xml:298:9-302:66
	android:screenOrientation
		ADDED from src\main\AndroidManifest.xml:301:13-49
	android:label
		ADDED from src\main\AndroidManifest.xml:300:13-37
	android:windowSoftInputMode
		ADDED from src\main\AndroidManifest.xml:302:13-54
	android:name
		ADDED from src\main\AndroidManifest.xml:299:13-95
uses-sdk
INJECTED from src\main\AndroidManifest.xml reason: use-sdk injection requested
MERGED from [com.android.support:appcompat-v7:22.2.0] AndroidManifest.xml:20:5-43
MERGED from [com.android.support:support-v4:22.2.0] AndroidManifest.xml:20:5-43
MERGED from [SimasPay:datetimepicker-library:unspecified] AndroidManifest.xml:5:5-7:41
MERGED from [com.android.support:support-v4:22.2.0] AndroidManifest.xml:20:5-43
	android:targetSdkVersion
		INJECTED from src\main\AndroidManifest.xml
		INJECTED from src\main\AndroidManifest.xml
	android:minSdkVersion
		INJECTED from src\main\AndroidManifest.xml
		INJECTED from src\main\AndroidManifest.xml